This file contains any messages produced by compilers while
running configure, to aid debugging if configure makes a mistake.

It was created by ttrans configure 1.0, which was
generated by GNU Autoconf 2.69.  Invocation command line was

  $ ./configure 

## --------- ##
## Platform. ##
## --------- ##

hostname = vodka.bioinf.uni-leipzig.de
uname -m = x86_64
uname -r = 5.5.8-100.fc30.x86_64
uname -s = Linux
uname -v = #1 SMP Thu Mar 5 21:55:51 UTC 2020

/usr/bin/uname -p = x86_64
/bin/uname -X     = unknown

/bin/arch              = x86_64
/usr/bin/arch -k       = unknown
/usr/convex/getsysinfo = unknown
/usr/bin/hostinfo      = unknown
/bin/machine           = unknown
/usr/bin/oslevel       = unknown
/bin/universe          = unknown

PATH: /usr/bin
PATH: /homes/biertruck/thomas/google-cloud-sdk/bin
PATH: /usr/condabin
PATH: /homes/biertruck/thomas/bin
PATH: /homes/biertruck/thomas/bin/bin
PATH: /homes/biertruck/thomas/bin/edirect
PATH: /homes/biertruck/thomas/bin/quast-5.0.2
PATH: /homes/biertruck/thomas/bin/salmon/bin
PATH: /homes/biertruck/thomas/bin/gapc/bin
PATH: /homes/biertruck/thomas/bin/astalavista-4.0.1/bin
PATH: /homes/biertruck/thomas/bin/smartdenovo
PATH: /homes/biertruck/thomas/.cargo/bin
PATH: /homes/biertruck/thomas/bin/canu/bin
PATH: /homes/biertruck/thomas/bin/bbmap
PATH: /homes/biertruck/thomas/work/testdata/raw/tools/flux-simulator-1.2.1/bin
PATH: /homes/biertruck/thomas/bin/IGV_2.3.81
PATH: /homes/biertruck/thomas/Installs/SpliceGrapher/bins
PATH: /homes/biertruck/thomas/bin/spanki/scripts-2.7
PATH: /usr/lib64/qt-3.3/bin
PATH: /usr/share/Modules/bin
PATH: /usr/local/bin
PATH: /usr/local/sbin
PATH: /usr/bin
PATH: /usr/sbin


## ----------- ##
## Core tests. ##
## ----------- ##

configure:1877: checking for a BSD-compatible install
configure:1945: result: /usr/bin/install -c
configure:1956: checking whether build environment is sane
configure:2011: result: yes
configure:2160: checking for a thread-safe mkdir -p
configure:2199: result: /usr/bin/mkdir -p
configure:2206: checking for gawk
configure:2222: found /usr/bin/gawk
configure:2233: result: gawk
configure:2244: checking whether make sets $(MAKE)
configure:2266: result: yes
configure:2295: checking whether make supports nested variables
configure:2312: result: yes
configure:2496: checking for g++
configure:2512: found /usr/bin/g++
configure:2523: result: g++
configure:2550: checking for C++ compiler version
configure:2559: g++ --version >&5
g++ (GCC) 9.3.1 20200408 (Red Hat 9.3.1-2)
Copyright (C) 2019 Free Software Foundation, Inc.
This is free software; see the source for copying conditions.  There is NO
warranty; not even for MERCHANTABILITY or FITNESS FOR A PARTICULAR PURPOSE.

configure:2570: $? = 0
configure:2559: g++ -v >&5
Using built-in specs.
COLLECT_GCC=g++
COLLECT_LTO_WRAPPER=/usr/libexec/gcc/x86_64-redhat-linux/9/lto-wrapper
OFFLOAD_TARGET_NAMES=nvptx-none
OFFLOAD_TARGET_DEFAULT=1
Target: x86_64-redhat-linux
Configured with: ../configure --enable-bootstrap --enable-languages=c,c++,fortran,objc,obj-c++,ada,go,d,lto --prefix=/usr --mandir=/usr/share/man --infodir=/usr/share/info --with-bugurl=http://bugzilla.redhat.com/bugzilla --enable-shared --enable-threads=posix --enable-checking=release --enable-multilib --with-system-zlib --enable-__cxa_atexit --disable-libunwind-exceptions --enable-gnu-unique-object --enable-linker-build-id --with-gcc-major-version-only --with-linker-hash-style=gnu --enable-plugin --enable-initfini-array --with-isl --enable-offload-targets=nvptx-none --without-cuda-driver --enable-gnu-indirect-function --enable-cet --with-tune=generic --with-arch_32=i686 --build=x86_64-redhat-linux
Thread model: posix
gcc version 9.3.1 20200408 (Red Hat 9.3.1-2) (GCC) 
configure:2570: $? = 0
configure:2559: g++ -V >&5
g++: error: unrecognized command line option '-V'
g++: fatal error: no input files
compilation terminated.
configure:2570: $? = 1
configure:2559: g++ -qversion >&5
g++: error: unrecognized command line option '-qversion'; did you mean '--version'?
g++: fatal error: no input files
compilation terminated.
configure:2570: $? = 1
configure:2590: checking whether the C++ compiler works
configure:2612: g++    conftest.cpp  >&5
configure:2616: $? = 0
configure:2664: result: yes
configure:2667: checking for C++ compiler default output file name
configure:2669: result: a.out
configure:2675: checking for suffix of executables
configure:2682: g++ -o conftest    conftest.cpp  >&5
configure:2686: $? = 0
configure:2708: result: 
configure:2730: checking whether we are cross compiling
configure:2738: g++ -o conftest    conftest.cpp  >&5
configure:2742: $? = 0
configure:2749: ./conftest
configure:2753: $? = 0
configure:2741: result: no
configure:2746: checking for suffix of object files
configure:2768: g++ -c   conftest.cpp >&5
configure:2772: $? = 0
configure:2793: result: o
configure:2797: checking whether we are using the GNU C++ compiler
configure:2816: g++ -c   conftest.cpp >&5
configure:2816: $? = 0
configure:2825: result: yes
configure:2834: checking whether g++ accepts -g
configure:2854: g++ -c -g  conftest.cpp >&5
configure:2854: $? = 0
configure:2895: result: yes
configure:2921: checking whether make supports the include directive
configure:2936: make -f confmf.GNU && cat confinc.out
this is the am__doit target
configure:2939: $? = 0
configure:2958: result: yes (GNU style)
configure:2983: checking dependency style of g++
configure:3094: result: gcc3
configure:3130: checking for g++ option to support OpenMP
configure:3145: g++ -o conftest  -O2   conftest.cpp  >&5
conftest.cpp:13:2: error: 'choke' does not name a type
   13 |  choke me
      |  ^~~~~
In file included from conftest.cpp:15:
/usr/lib/gcc/x86_64-redhat-linux/9/include/omp.h:39:3: error: 'omp_lock_t' does not name a type
   39 | } omp_lock_t;
      |   ^~~~~~~~~~
/usr/lib/gcc/x86_64-redhat-linux/9/include/omp.h:114:28: error: variable or field 'omp_init_lock' declared void
  114 | extern void omp_init_lock (omp_lock_t *) __GOMP_NOTHROW;
      |                            ^~~~~~~~~~
/usr/lib/gcc/x86_64-redhat-linux/9/include/omp.h:114:28: error: 'omp_lock_t' was not declared in this scope; did you mean 'omp_lock_hint_t'?
  114 | extern void omp_init_lock (omp_lock_t *) __GOMP_NOTHROW;
      |                            ^~~~~~~~~~
      |                            omp_lock_hint_t
/usr/lib/gcc/x86_64-redhat-linux/9/include/omp.h:114:40: error: expected primary-expression before ')' token
  114 | extern void omp_init_lock (omp_lock_t *) __GOMP_NOTHROW;
      |                                        ^
/usr/lib/gcc/x86_64-redhat-linux/9/include/omp.h:115:38: error: variable or field 'omp_init_lock_with_hint' declared void
  115 | extern void omp_init_lock_with_hint (omp_lock_t *, omp_sync_hint_t)
      |                                      ^~~~~~~~~~
/usr/lib/gcc/x86_64-redhat-linux/9/include/omp.h:115:38: error: 'omp_lock_t' was not declared in this scope; did you mean 'omp_lock_hint_t'?
  115 | extern void omp_init_lock_with_hint (omp_lock_t *, omp_sync_hint_t)
      |                                      ^~~~~~~~~~
      |                                      omp_lock_hint_t
/usr/lib/gcc/x86_64-redhat-linux/9/include/omp.h:115:50: error: expected primary-expression before ',' token
  115 | extern void omp_init_lock_with_hint (omp_lock_t *, omp_sync_hint_t)
      |                                                  ^
/usr/lib/gcc/x86_64-redhat-linux/9/include/omp.h:115:67: error: expected primary-expression before ')' token
  115 | extern void omp_init_lock_with_hint (omp_lock_t *, omp_sync_hint_t)
      |                                                                   ^
/usr/lib/gcc/x86_64-redhat-linux/9/include/omp.h:117:31: error: variable or field 'omp_destroy_lock' declared void
  117 | extern void omp_destroy_lock (omp_lock_t *) __GOMP_NOTHROW;
      |                               ^~~~~~~~~~
/usr/lib/gcc/x86_64-redhat-linux/9/include/omp.h:117:31: error: 'omp_lock_t' was not declared in this scope; did you mean 'omp_lock_hint_t'?
  117 | extern void omp_destroy_lock (omp_lock_t *) __GOMP_NOTHROW;
      |                               ^~~~~~~~~~
      |                               omp_lock_hint_t
/usr/lib/gcc/x86_64-redhat-linux/9/include/omp.h:117:43: error: expected primary-expression before ')' token
  117 | extern void omp_destroy_lock (omp_lock_t *) __GOMP_NOTHROW;
      |                                           ^
/usr/lib/gcc/x86_64-redhat-linux/9/include/omp.h:118:27: error: variable or field 'omp_set_lock' declared void
  118 | extern void omp_set_lock (omp_lock_t *) __GOMP_NOTHROW;
      |                           ^~~~~~~~~~
/usr/lib/gcc/x86_64-redhat-linux/9/include/omp.h:118:27: error: 'omp_lock_t' was not declared in this scope; did you mean 'omp_lock_hint_t'?
  118 | extern void omp_set_lock (omp_lock_t *) __GOMP_NOTHROW;
      |                           ^~~~~~~~~~
      |                           omp_lock_hint_t
/usr/lib/gcc/x86_64-redhat-linux/9/include/omp.h:118:39: error: expected primary-expression before ')' token
  118 | extern void omp_set_lock (omp_lock_t *) __GOMP_NOTHROW;
      |                                       ^
/usr/lib/gcc/x86_64-redhat-linux/9/include/omp.h:119:29: error: variable or field 'omp_unset_lock' declared void
  119 | extern void omp_unset_lock (omp_lock_t *) __GOMP_NOTHROW;
      |                             ^~~~~~~~~~
/usr/lib/gcc/x86_64-redhat-linux/9/include/omp.h:119:29: error: 'omp_lock_t' was not declared in this scope; did you mean 'omp_lock_hint_t'?
  119 | extern void omp_unset_lock (omp_lock_t *) __GOMP_NOTHROW;
      |                             ^~~~~~~~~~
      |                             omp_lock_hint_t
/usr/lib/gcc/x86_64-redhat-linux/9/include/omp.h:119:41: error: expected primary-expression before ')' token
  119 | extern void omp_unset_lock (omp_lock_t *) __GOMP_NOTHROW;
      |                                         ^
/usr/lib/gcc/x86_64-redhat-linux/9/include/omp.h:120:27: error: 'omp_lock_t' was not declared in this scope; did you mean 'omp_lock_hint_t'?
  120 | extern int omp_test_lock (omp_lock_t *) __GOMP_NOTHROW;
      |                           ^~~~~~~~~~
      |                           omp_lock_hint_t
/usr/lib/gcc/x86_64-redhat-linux/9/include/omp.h:120:39: error: expected primary-expression before ')' token
  120 | extern int omp_test_lock (omp_lock_t *) __GOMP_NOTHROW;
      |                                       ^
configure:3145: $? = 1
configure: failed program was:
| /* confdefs.h */
| #define PACKAGE_NAME "ttrans"
| #define PACKAGE_TARNAME "ttrans"
| #define PACKAGE_VERSION "1.0"
| #define PACKAGE_STRING "ttrans 1.0"
| #define PACKAGE_BUGREPORT ""
| #define PACKAGE_URL ""
| #define PACKAGE "ttrans"
| #define VERSION "1.0"
| /* end confdefs.h.  */
| 
| #ifndef _OPENMP
|  choke me
| #endif
| #include <omp.h>
| int main () { return omp_get_num_threads (); }
| 
configure:3163: g++ -o conftest  -O2 -fopenmp   conftest.cpp  >&5
configure:3163: $? = 0
configure:3177: result: -fopenmp
configure:3189: checking whether C++ compiler accepts -std=c++0x
configure:3208: g++ -c  -O2  -std=c++0x  conftest.cpp >&5
configure:3208: $? = 0
configure:3216: result: yes
configure:3365: checking that generated files are newer than configure
configure:3371: result: done
configure:3394: creating ./config.status

## ---------------------- ##
## Running config.status. ##
## ---------------------- ##

This file was extended by ttrans config.status 1.0, which was
generated by GNU Autoconf 2.69.  Invocation command line was

  CONFIG_FILES    = 
  CONFIG_HEADERS  = 
  CONFIG_LINKS    = 
  CONFIG_COMMANDS = 
  $ ./config.status 

on vodka.bioinf.uni-leipzig.de

config.status:770: creating Makefile
config.status:770: creating src/Makefile
config.status:942: executing depfiles commands
config.status:1019: cd src       && sed -e '/# am--include-marker/d' Makefile         | make -f - am--depfiles
config.status:1024: $? = 0

## ---------------- ##
## Cache variables. ##
## ---------------- ##

ac_cv_cxx_compiler_gnu=yes
ac_cv_env_CCC_set=
ac_cv_env_CCC_value=
ac_cv_env_CPPFLAGS_set=
ac_cv_env_CPPFLAGS_value=
ac_cv_env_CXXFLAGS_set=
ac_cv_env_CXXFLAGS_value=
ac_cv_env_CXX_set=
ac_cv_env_CXX_value=
ac_cv_env_LDFLAGS_set=
ac_cv_env_LDFLAGS_value=
ac_cv_env_LIBS_set=
ac_cv_env_LIBS_value=
ac_cv_env_build_alias_set=
ac_cv_env_build_alias_value=
ac_cv_env_host_alias_set=
ac_cv_env_host_alias_value=
ac_cv_env_target_alias_set=
ac_cv_env_target_alias_value=
ac_cv_objext=o
ac_cv_path_install='/usr/bin/install -c'
ac_cv_path_mkdir=/usr/bin/mkdir
ac_cv_prog_AWK=gawk
ac_cv_prog_ac_ct_CXX=g++
ac_cv_prog_cxx_g=yes
ac_cv_prog_cxx_openmp=-fopenmp
ac_cv_prog_make_make_set=yes
am_cv_CXX_dependencies_compiler_type=gcc3
am_cv_make_support_nested_variables=yes
ax_cv_check_cxxflags___std_cpp0x=yes

## ----------------- ##
## Output variables. ##
## ----------------- ##

ACLOCAL='${SHELL} /homes/biertruck/thomas/work/conda/bioconda-recipes/recipes/ryuto/omp_test/missing aclocal-1.16'
AMDEPBACKSLASH='\'
AMDEP_FALSE='#'
AMDEP_TRUE=''
AMTAR='$${TAR-tar}'
AM_BACKSLASH='\'
AM_DEFAULT_V='$(AM_DEFAULT_VERBOSITY)'
AM_DEFAULT_VERBOSITY='1'
AM_V='$(V)'
AUTOCONF='${SHELL} /homes/biertruck/thomas/work/conda/bioconda-recipes/recipes/ryuto/omp_test/missing autoconf'
AUTOHEADER='${SHELL} /homes/biertruck/thomas/work/conda/bioconda-recipes/recipes/ryuto/omp_test/missing autoheader'
AUTOMAKE='${SHELL} /homes/biertruck/thomas/work/conda/bioconda-recipes/recipes/ryuto/omp_test/missing automake-1.16'
AWK='gawk'
CPPFLAGS=''
CXX='g++'
CXXDEPMODE='depmode=gcc3'
CXXFLAGS=' -O2 -std=c++0x'
CYGPATH_W='echo'
DEFS='-DPACKAGE_NAME=\"ttrans\" -DPACKAGE_TARNAME=\"ttrans\" -DPACKAGE_VERSION=\"1.0\" -DPACKAGE_STRING=\"ttrans\ 1.0\" -DPACKAGE_BUGREPORT=\"\" -DPACKAGE_URL=\"\" -DPACKAGE=\"ttrans\" -DVERSION=\"1.0\"'
DEPDIR='.deps'
ECHO_C=''
ECHO_N='-n'
ECHO_T=''
EXEEXT=''
INSTALL_DATA='${INSTALL} -m 644'
INSTALL_PROGRAM='${INSTALL}'
INSTALL_SCRIPT='${INSTALL}'
INSTALL_STRIP_PROGRAM='$(install_sh) -c -s'
LDFLAGS=''
LIBOBJS=''
LIBS=''
LTLIBOBJS=''
MAKEINFO='${SHELL} /homes/biertruck/thomas/work/conda/bioconda-recipes/recipes/ryuto/omp_test/missing makeinfo'
MKDIR_P='/usr/bin/mkdir -p'
OBJEXT='o'
OPENMP_CXXFLAGS='-fopenmp'
PACKAGE='ttrans'
PACKAGE_BUGREPORT=''
PACKAGE_NAME='ttrans'
PACKAGE_STRING='ttrans 1.0'
PACKAGE_TARNAME='ttrans'
PACKAGE_URL=''
PACKAGE_VERSION='1.0'
PATH_SEPARATOR=':'
SET_MAKE=''
SHELL='/bin/sh'
STRIP=''
VERSION='1.0'
ac_ct_CXX='g++'
am__EXEEXT_FALSE=''
am__EXEEXT_TRUE='#'
am__fastdepCXX_FALSE='#'
am__fastdepCXX_TRUE=''
am__include='include'
am__isrc=''
am__leading_dot='.'
am__nodep='_no'
am__quote=''
am__tar='$${TAR-tar} chof - "$$tardir"'
am__untar='$${TAR-tar} xf -'
bindir='${exec_prefix}/bin'
build_alias=''
datadir='${datarootdir}'
datarootdir='${prefix}/share'
docdir='${datarootdir}/doc/${PACKAGE_TARNAME}'
dvidir='${docdir}'
exec_prefix='${prefix}'
host_alias=''
htmldir='${docdir}'
includedir='${prefix}/include'
infodir='${datarootdir}/info'
install_sh='${SHELL} /homes/biertruck/thomas/work/conda/bioconda-recipes/recipes/ryuto/omp_test/install-sh'
libdir='${exec_prefix}/lib'
libexecdir='${exec_prefix}/libexec'
localedir='${datarootdir}/locale'
localstatedir='${prefix}/var'
mandir='${datarootdir}/man'
mkdir_p='$(MKDIR_P)'
oldincludedir='/usr/include'
pdfdir='${docdir}'
prefix='/usr/local'
program_transform_name='s,x,x,'
psdir='${docdir}'
sbindir='${exec_prefix}/sbin'
sharedstatedir='${prefix}/com'
sysconfdir='${prefix}/etc'
target_alias=''

## ----------- ##
## confdefs.h. ##
## ----------- ##

/* confdefs.h */
#define PACKAGE_NAME "ttrans"
#define PACKAGE_TARNAME "ttrans"
#define PACKAGE_VERSION "1.0"
#define PACKAGE_STRING "ttrans 1.0"
#define PACKAGE_BUGREPORT ""
#define PACKAGE_URL ""
#define PACKAGE "ttrans"
#define VERSION "1.0"

configure: exit 0
